<?xml version="1.0" encoding="UTF-8"?>
<!-- Generated by org.testng.reporters.JUnitReportReporter -->
<testsuite hostname="INDIAECOMMLAB4" failures="0" tests="2" name="tests.TestCases" time="44.865" errors="0" timestamp="24 Jul 2018 09:39:18 GMT" skipped="0">
  <testcase classname="tests.TestCases" name="Run" time="21.474"/>
  <testcase classname="tests.TestCases" name="Run" time="23.391"/>
</testsuite> <!-- tests.TestCases -->
