<?xml version="1.0" encoding="UTF-8"?>
<!-- Generated by org.testng.reporters.JUnitReportReporter -->
<testsuite hostname="INDIAECOMMLAB4" failures="0" tests="2" name="tests.TestCases" time="44.080" errors="0" timestamp="09 Jul 2018 18:03:17 GMT" skipped="0">
  <testcase classname="tests.TestCases" name="Run" time="22.483"/>
  <testcase classname="tests.TestCases" name="Run" time="21.597"/>
</testsuite> <!-- tests.TestCases -->
